 
****************************************
Report : area
Design : mult_booth
Version: O-2018.06-SP1
Date   : Tue Feb 27 22:28:02 2024
****************************************

Library(s) Used:

    IBM_CMOS8HP_SS125 (File: /apps/design_kits/ibm_kits/IBM_IP/ibm_cmos8hp/std_cell/sc/v.20110613/synopsys/ss_125/IBM_CMOS8HP_SS125.db)

Number of ports:                           71
Number of nets:                           391
Number of cells:                          290
Number of combinational cells:            246
Number of sequential cells:                42
Number of macros/black boxes:               0
Number of buf/inv:                        134
Number of references:                      49

Combinational area:               3356.160029
Buf/Inv area:                     1470.720019
Noncombinational area:            1572.479988
Macro/Black Box area:                0.000000
Net Interconnect area:      undefined  (Wire load has zero net area)

Total cell area:                  4928.640017
Total area:                 undefined

Hierarchical area distribution
------------------------------

                                  Global cell area          Local cell area
                                  ------------------  ---------------------------- 
Hierarchical cell                 Absolute   Percent  Combi-     Noncombi-  Black-
                                  Total      Total    national   national   boxes   Design
--------------------------------  ---------  -------  ---------  ---------  ------  ---------------------
mult_booth                        4928.6400    100.0  2712.9600  1572.4800  0.0000  mult_booth
add_76                             293.7600      6.0   293.7600     0.0000  0.0000  mult_booth_DW01_add_0
sub_83                             349.4400      7.1   349.4400     0.0000  0.0000  mult_booth_DW01_sub_0
--------------------------------  ---------  -------  ---------  ---------  ------  ---------------------
Total                                                 3356.1600  1572.4800  0.0000

1
